<?xml version="1.0" encoding="UTF-8"?>
<!-- Generated by org.testng.reporters.JUnitReportReporter -->
<testsuite hostname="LAPTOP-NT62VGN0" failures="0" tests="4" name="tests.Testing1" time="0.011" errors="0" timestamp="2022-09-10T09:22:13 EDT" skipped="0">
  <testcase classname="tests.Testing1" name="test1" time="0.003"/>
  <system-out/>
  <testcase classname="tests.Testing1" name="f" time="0.006"/>
  <system-out/>
  <testcase classname="tests.Testing1" name="f" time="0.001"/>
  <system-out/>
  <testcase classname="tests.Testing1" name="test2" time="0.001"/>
  <system-out/>
</testsuite> <!-- tests.Testing1 -->
