<?xml version="1.0" encoding="UTF-8"?>
<!-- Generated by org.testng.reporters.JUnitReportReporter -->
<testsuite hostname="LAPTOP-NT62VGN0" failures="0" tests="2" name="tests.Testing2" time="0.005" errors="0" timestamp="2022-09-10T09:22:13 EDT" skipped="0">
  <testcase classname="tests.Testing2" name="test3" time="0.003"/>
  <system-out/>
  <testcase classname="tests.Testing2" name="test4" time="0.002"/>
  <system-out/>
</testsuite> <!-- tests.Testing2 -->
